<?xml version="1.0" encoding="UTF-8"?>
<testsuite name="Demo"
           tests="2"
           failures="0"
           errors="0"
           skipped="0"
           time="3,021">
    <properties></properties>



            <testcase
                name="checkResponseBody"
                time="2,363"
                classname="testcase.BackendAPITest">
            </testcase>
            <testcase
                name="checkResponseCode"
                time="0,658"
                classname="testcase.BackendAPITest">
            </testcase>
</testsuite>
